nohup: ignoring input

  .   ____          _            __ _ _
 /\\ / ___'_ __ _ _(_)_ __  __ _ \ \ \ \
( ( )\___ | '_ | '_| | '_ \/ _` | \ \ \ \
 \\/  ___)| |_)| | | | | || (_| |  ) ) ) )
  '  |____| .__|_| |_|_| |_\__, | / / / /
 =========|_|==============|___/=/_/_/_/
 :: Spring Boot ::               (v2.7.18)

2025-10-29 13:01:07.873  INFO 28245 --- [           main] com.example.demo.DemoApplication         : Starting DemoApplication v0.0.1-SNAPSHOT using Java 1.8.0_462 on codespaces-1d0087 with PID 28245 (/workspaces/spring_test/demo/target/demo-0.0.1-SNAPSHOT.jar started by codespace in /workspaces/spring_test)
2025-10-29 13:01:07.877  INFO 28245 --- [           main] com.example.demo.DemoApplication         : No active profile set, falling back to 1 default profile: "default"
2025-10-29 13:01:09.320  INFO 28245 --- [           main] o.s.b.w.embedded.tomcat.TomcatWebServer  : Tomcat initialized with port(s): 8080 (http)
2025-10-29 13:01:09.332  INFO 28245 --- [           main] o.apache.catalina.core.StandardService   : Starting service [Tomcat]
2025-10-29 13:01:09.333  INFO 28245 --- [           main] org.apache.catalina.core.StandardEngine  : Starting Servlet engine: [Apache Tomcat/9.0.83]
2025-10-29 13:01:09.425  INFO 28245 --- [           main] o.a.c.c.C.[Tomcat].[localhost].[/]       : Initializing Spring embedded WebApplicationContext
2025-10-29 13:01:09.426  INFO 28245 --- [           main] w.s.c.ServletWebServerApplicationContext : Root WebApplicationContext: initialization completed in 1428 ms
2025-10-29 13:01:09.927  INFO 28245 --- [           main] o.s.b.w.embedded.tomcat.TomcatWebServer  : Tomcat started on port(s): 8080 (http) with context path ''
2025-10-29 13:01:09.938  INFO 28245 --- [           main] com.example.demo.DemoApplication         : Started DemoApplication in 2.814 seconds (JVM running for 3.505)
2025-10-29 13:01:21.096  INFO 28245 --- [nio-8080-exec-1] o.a.c.c.C.[Tomcat].[localhost].[/]       : Initializing Spring DispatcherServlet 'dispatcherServlet'
2025-10-29 13:01:21.097  INFO 28245 --- [nio-8080-exec-1] o.s.web.servlet.DispatcherServlet        : Initializing Servlet 'dispatcherServlet'
2025-10-29 13:01:21.098  INFO 28245 --- [nio-8080-exec-1] o.s.web.servlet.DispatcherServlet        : Completed initialization in 1 ms
